2023-10-24 09:28:17.366 [main] INFO  c.jackson.educen.EduCenApplication - Starting EduCenApplication using Java 21.0.1 with PID 16920 (C:\Users\Dane Jackson\Documents\Projects\educen\target\classes started by Dane Jackson in C:\Users\Dane Jackson\Documents\Projects\educen)
2023-10-24 09:28:17.368 [main] INFO  c.jackson.educen.EduCenApplication - No active profile set, falling back to 1 default profile: "default"
2023-10-24 09:28:18.013 [main] INFO  o.s.d.r.c.RepositoryConfigurationDelegate - Bootstrapping Spring Data MongoDB repositories in DEFAULT mode.
2023-10-24 09:28:18.092 [main] INFO  o.s.d.r.c.RepositoryConfigurationDelegate - Finished Spring Data repository scanning in 73 ms. Found 2 MongoDB repository interfaces.
2023-10-24 09:28:18.944 [main] INFO  o.s.b.w.e.tomcat.TomcatWebServer - Tomcat initialized with port(s): 8080 (http)
2023-10-24 09:28:18.958 [main] INFO  o.a.coyote.http11.Http11NioProtocol - Initializing ProtocolHandler ["http-nio-8080"]
2023-10-24 09:28:18.962 [main] INFO  o.a.catalina.core.StandardService - Starting service [Tomcat]
2023-10-24 09:28:18.962 [main] INFO  o.a.catalina.core.StandardEngine - Starting Servlet engine: [Apache Tomcat/10.1.15]
2023-10-24 09:28:19.074 [main] INFO  o.a.c.c.C.[Tomcat].[localhost].[/] - Initializing Spring embedded WebApplicationContext
2023-10-24 09:28:19.076 [main] INFO  o.s.b.w.s.c.ServletWebServerApplicationContext - Root WebApplicationContext: initialization completed in 1628 ms
2023-10-24 09:28:19.374 [main] INFO  org.mongodb.driver.client - MongoClient with metadata {"driver": {"name": "mongo-java-driver|sync|spring-boot", "version": "4.9.1"}, "os": {"type": "Windows", "name": "Windows 10", "architecture": "amd64", "version": "10.0"}, "platform": "Java/Oracle Corporation/21.0.1+12-29"} created with settings MongoClientSettings{readPreference=primary, writeConcern=WriteConcern{w=majority, wTimeout=null ms, journal=null}, retryWrites=true, retryReads=true, readConcern=ReadConcern{level=null}, credential=MongoCredential{mechanism=null, userName='danejacksond', source='admin', password=<hidden>, mechanismProperties=<hidden>}, streamFactoryFactory=null, commandListeners=[], codecRegistry=ProvidersCodecRegistry{codecProviders=[ValueCodecProvider{}, BsonValueCodecProvider{}, DBRefCodecProvider{}, DBObjectCodecProvider{}, DocumentCodecProvider{}, CollectionCodecProvider{}, IterableCodecProvider{}, MapCodecProvider{}, GeoJsonCodecProvider{}, GridFSFileCodecProvider{}, Jsr310CodecProvider{}, JsonObjectCodecProvider{}, BsonCodecProvider{}, EnumCodecProvider{}, com.mongodb.client.model.mql.ExpressionCodecProvider@e280403, com.mongodb.Jep395RecordCodecProvider@42f85fa4]}, loggerSettings=LoggerSettings{maxDocumentLength=1000}, clusterSettings={hosts=[127.0.0.1:27017], srvHost=cluster0.hsu42px.mongodb.net, srvServiceName=mongodb, mode=MULTIPLE, requiredClusterType=REPLICA_SET, requiredReplicaSetName='atlas-gtkcmz-shard-0', serverSelector='null', clusterListeners='[]', serverSelectionTimeout='30000 ms', localThreshold='30000 ms'}, socketSettings=SocketSettings{connectTimeoutMS=10000, readTimeoutMS=0, receiveBufferSize=0, sendBufferSize=0}, heartbeatSocketSettings=SocketSettings{connectTimeoutMS=10000, readTimeoutMS=10000, receiveBufferSize=0, sendBufferSize=0}, connectionPoolSettings=ConnectionPoolSettings{maxSize=100, minSize=0, maxWaitTimeMS=120000, maxConnectionLifeTimeMS=0, maxConnectionIdleTimeMS=0, maintenanceInitialDelayMS=0, maintenanceFrequencyMS=60000, connectionPoolListeners=[], maxConnecting=2}, serverSettings=ServerSettings{heartbeatFrequencyMS=10000, minHeartbeatFrequencyMS=500, serverListeners='[]', serverMonitorListeners='[]'}, sslSettings=SslSettings{enabled=true, invalidHostNameAllowed=false, context=null}, applicationName='null', compressorList=[], uuidRepresentation=JAVA_LEGACY, serverApi=null, autoEncryptionSettings=null, contextProvider=null}
2023-10-24 09:28:19.408 [cluster-ClusterId{value='6537d48372521909f7fd075b', description='null'}-srv-cluster0.hsu42px.mongodb.net] INFO  org.mongodb.driver.cluster - Adding discovered server ac-tnujufr-shard-00-01.hsu42px.mongodb.net:27017 to client view of cluster
2023-10-24 09:28:19.434 [cluster-ClusterId{value='6537d48372521909f7fd075b', description='null'}-srv-cluster0.hsu42px.mongodb.net] INFO  org.mongodb.driver.cluster - Adding discovered server ac-tnujufr-shard-00-00.hsu42px.mongodb.net:27017 to client view of cluster
2023-10-24 09:28:19.435 [cluster-ClusterId{value='6537d48372521909f7fd075b', description='null'}-srv-cluster0.hsu42px.mongodb.net] INFO  org.mongodb.driver.cluster - Adding discovered server ac-tnujufr-shard-00-02.hsu42px.mongodb.net:27017 to client view of cluster
2023-10-24 09:28:19.900 [main] WARN  o.s.b.w.s.c.AnnotationConfigServletWebServerApplicationContext - Exception encountered during context initialization - cancelling refresh attempt: org.springframework.beans.factory.UnsatisfiedDependencyException: Error creating bean with name 'userController' defined in file [C:\Users\Dane Jackson\Documents\Projects\educen\target\classes\com\jackson\educen\controllers\UserController.class]: Unsatisfied dependency expressed through constructor parameter 1: No qualifying bean of type 'com.jackson.educen.services.ILogger' available: expected at least 1 bean which qualifies as autowire candidate. Dependency annotations: {}
2023-10-24 09:28:19.910 [main] INFO  o.a.catalina.core.StandardService - Stopping service [Tomcat]
2023-10-24 09:28:19.930 [main] INFO  o.s.b.a.l.ConditionEvaluationReportLogger - 

Error starting ApplicationContext. To display the condition evaluation report re-run your application with 'debug' enabled.
2023-10-24 09:28:19.960 [main] ERROR o.s.b.d.LoggingFailureAnalysisReporter - 

***************************
APPLICATION FAILED TO START
***************************

Description:

Parameter 1 of constructor in com.jackson.educen.controllers.UserController required a bean of type 'com.jackson.educen.services.ILogger' that could not be found.


Action:

Consider defining a bean of type 'com.jackson.educen.services.ILogger' in your configuration.

2023-10-24 09:28:47.286 [main] INFO  c.jackson.educen.EduCenApplication - Starting EduCenApplication using Java 21.0.1 with PID 6996 (C:\Users\Dane Jackson\Documents\Projects\educen\target\classes started by Dane Jackson in C:\Users\Dane Jackson\Documents\Projects\educen)
2023-10-24 09:28:47.288 [main] INFO  c.jackson.educen.EduCenApplication - No active profile set, falling back to 1 default profile: "default"
2023-10-24 09:28:47.826 [main] INFO  o.s.d.r.c.RepositoryConfigurationDelegate - Bootstrapping Spring Data MongoDB repositories in DEFAULT mode.
2023-10-24 09:28:47.904 [main] INFO  o.s.d.r.c.RepositoryConfigurationDelegate - Finished Spring Data repository scanning in 72 ms. Found 2 MongoDB repository interfaces.
2023-10-24 09:28:48.654 [main] INFO  o.s.b.w.e.tomcat.TomcatWebServer - Tomcat initialized with port(s): 8080 (http)
2023-10-24 09:28:48.663 [main] INFO  o.a.coyote.http11.Http11NioProtocol - Initializing ProtocolHandler ["http-nio-8080"]
2023-10-24 09:28:48.666 [main] INFO  o.a.catalina.core.StandardService - Starting service [Tomcat]
2023-10-24 09:28:48.666 [main] INFO  o.a.catalina.core.StandardEngine - Starting Servlet engine: [Apache Tomcat/10.1.15]
2023-10-24 09:28:48.758 [main] INFO  o.a.c.c.C.[Tomcat].[localhost].[/] - Initializing Spring embedded WebApplicationContext
2023-10-24 09:28:48.759 [main] INFO  o.s.b.w.s.c.ServletWebServerApplicationContext - Root WebApplicationContext: initialization completed in 1410 ms
2023-10-24 09:28:49.010 [main] INFO  org.mongodb.driver.client - MongoClient with metadata {"driver": {"name": "mongo-java-driver|sync|spring-boot", "version": "4.9.1"}, "os": {"type": "Windows", "name": "Windows 10", "architecture": "amd64", "version": "10.0"}, "platform": "Java/Oracle Corporation/21.0.1+12-29"} created with settings MongoClientSettings{readPreference=primary, writeConcern=WriteConcern{w=majority, wTimeout=null ms, journal=null}, retryWrites=true, retryReads=true, readConcern=ReadConcern{level=null}, credential=MongoCredential{mechanism=null, userName='danejacksond', source='admin', password=<hidden>, mechanismProperties=<hidden>}, streamFactoryFactory=null, commandListeners=[], codecRegistry=ProvidersCodecRegistry{codecProviders=[ValueCodecProvider{}, BsonValueCodecProvider{}, DBRefCodecProvider{}, DBObjectCodecProvider{}, DocumentCodecProvider{}, CollectionCodecProvider{}, IterableCodecProvider{}, MapCodecProvider{}, GeoJsonCodecProvider{}, GridFSFileCodecProvider{}, Jsr310CodecProvider{}, JsonObjectCodecProvider{}, BsonCodecProvider{}, EnumCodecProvider{}, com.mongodb.client.model.mql.ExpressionCodecProvider@e784320, com.mongodb.Jep395RecordCodecProvider@3f6bf8aa]}, loggerSettings=LoggerSettings{maxDocumentLength=1000}, clusterSettings={hosts=[127.0.0.1:27017], srvHost=cluster0.hsu42px.mongodb.net, srvServiceName=mongodb, mode=MULTIPLE, requiredClusterType=REPLICA_SET, requiredReplicaSetName='atlas-gtkcmz-shard-0', serverSelector='null', clusterListeners='[]', serverSelectionTimeout='30000 ms', localThreshold='30000 ms'}, socketSettings=SocketSettings{connectTimeoutMS=10000, readTimeoutMS=0, receiveBufferSize=0, sendBufferSize=0}, heartbeatSocketSettings=SocketSettings{connectTimeoutMS=10000, readTimeoutMS=10000, receiveBufferSize=0, sendBufferSize=0}, connectionPoolSettings=ConnectionPoolSettings{maxSize=100, minSize=0, maxWaitTimeMS=120000, maxConnectionLifeTimeMS=0, maxConnectionIdleTimeMS=0, maintenanceInitialDelayMS=0, maintenanceFrequencyMS=60000, connectionPoolListeners=[], maxConnecting=2}, serverSettings=ServerSettings{heartbeatFrequencyMS=10000, minHeartbeatFrequencyMS=500, serverListeners='[]', serverMonitorListeners='[]'}, sslSettings=SslSettings{enabled=true, invalidHostNameAllowed=false, context=null}, applicationName='null', compressorList=[], uuidRepresentation=JAVA_LEGACY, serverApi=null, autoEncryptionSettings=null, contextProvider=null}
2023-10-24 09:28:49.030 [cluster-ClusterId{value='6537d4a04ac7313de905aaf2', description='null'}-srv-cluster0.hsu42px.mongodb.net] INFO  org.mongodb.driver.cluster - Adding discovered server ac-tnujufr-shard-00-01.hsu42px.mongodb.net:27017 to client view of cluster
2023-10-24 09:28:49.059 [cluster-ClusterId{value='6537d4a04ac7313de905aaf2', description='null'}-srv-cluster0.hsu42px.mongodb.net] INFO  org.mongodb.driver.cluster - Adding discovered server ac-tnujufr-shard-00-00.hsu42px.mongodb.net:27017 to client view of cluster
2023-10-24 09:28:49.060 [cluster-ClusterId{value='6537d4a04ac7313de905aaf2', description='null'}-srv-cluster0.hsu42px.mongodb.net] INFO  org.mongodb.driver.cluster - Adding discovered server ac-tnujufr-shard-00-02.hsu42px.mongodb.net:27017 to client view of cluster
2023-10-24 09:28:49.416 [main] WARN  o.s.b.w.s.c.AnnotationConfigServletWebServerApplicationContext - Exception encountered during context initialization - cancelling refresh attempt: org.springframework.beans.factory.UnsatisfiedDependencyException: Error creating bean with name 'userController' defined in file [C:\Users\Dane Jackson\Documents\Projects\educen\target\classes\com\jackson\educen\controllers\UserController.class]: Unsatisfied dependency expressed through constructor parameter 1: No qualifying bean of type 'com.jackson.educen.services.ILogger' available: expected at least 1 bean which qualifies as autowire candidate. Dependency annotations: {}
2023-10-24 09:28:49.425 [main] INFO  o.a.catalina.core.StandardService - Stopping service [Tomcat]
2023-10-24 09:28:49.444 [main] INFO  o.s.b.a.l.ConditionEvaluationReportLogger - 

Error starting ApplicationContext. To display the condition evaluation report re-run your application with 'debug' enabled.
2023-10-24 09:28:49.488 [main] ERROR o.s.b.d.LoggingFailureAnalysisReporter - 

***************************
APPLICATION FAILED TO START
***************************

Description:

Parameter 1 of constructor in com.jackson.educen.controllers.UserController required a bean of type 'com.jackson.educen.services.ILogger' that could not be found.


Action:

Consider defining a bean of type 'com.jackson.educen.services.ILogger' in your configuration.

2023-10-24 09:29:02.110 [main] INFO  c.jackson.educen.EduCenApplication - Starting EduCenApplication using Java 21.0.1 with PID 18456 (C:\Users\Dane Jackson\Documents\Projects\educen\target\classes started by Dane Jackson in C:\Users\Dane Jackson\Documents\Projects\educen)
2023-10-24 09:29:02.113 [main] INFO  c.jackson.educen.EduCenApplication - No active profile set, falling back to 1 default profile: "default"
2023-10-24 09:29:02.771 [main] INFO  o.s.d.r.c.RepositoryConfigurationDelegate - Bootstrapping Spring Data MongoDB repositories in DEFAULT mode.
2023-10-24 09:29:02.843 [main] INFO  o.s.d.r.c.RepositoryConfigurationDelegate - Finished Spring Data repository scanning in 66 ms. Found 2 MongoDB repository interfaces.
2023-10-24 09:29:03.671 [main] INFO  o.s.b.w.e.tomcat.TomcatWebServer - Tomcat initialized with port(s): 8080 (http)
2023-10-24 09:29:03.680 [main] INFO  o.a.coyote.http11.Http11NioProtocol - Initializing ProtocolHandler ["http-nio-8080"]
2023-10-24 09:29:03.683 [main] INFO  o.a.catalina.core.StandardService - Starting service [Tomcat]
2023-10-24 09:29:03.684 [main] INFO  o.a.catalina.core.StandardEngine - Starting Servlet engine: [Apache Tomcat/10.1.15]
2023-10-24 09:29:03.833 [main] INFO  o.a.c.c.C.[Tomcat].[localhost].[/] - Initializing Spring embedded WebApplicationContext
2023-10-24 09:29:03.834 [main] INFO  o.s.b.w.s.c.ServletWebServerApplicationContext - Root WebApplicationContext: initialization completed in 1635 ms
2023-10-24 09:29:04.152 [main] INFO  org.mongodb.driver.client - MongoClient with metadata {"driver": {"name": "mongo-java-driver|sync|spring-boot", "version": "4.9.1"}, "os": {"type": "Windows", "name": "Windows 10", "architecture": "amd64", "version": "10.0"}, "platform": "Java/Oracle Corporation/21.0.1+12-29"} created with settings MongoClientSettings{readPreference=primary, writeConcern=WriteConcern{w=majority, wTimeout=null ms, journal=null}, retryWrites=true, retryReads=true, readConcern=ReadConcern{level=null}, credential=MongoCredential{mechanism=null, userName='danejacksond', source='admin', password=<hidden>, mechanismProperties=<hidden>}, streamFactoryFactory=null, commandListeners=[], codecRegistry=ProvidersCodecRegistry{codecProviders=[ValueCodecProvider{}, BsonValueCodecProvider{}, DBRefCodecProvider{}, DBObjectCodecProvider{}, DocumentCodecProvider{}, CollectionCodecProvider{}, IterableCodecProvider{}, MapCodecProvider{}, GeoJsonCodecProvider{}, GridFSFileCodecProvider{}, Jsr310CodecProvider{}, JsonObjectCodecProvider{}, BsonCodecProvider{}, EnumCodecProvider{}, com.mongodb.client.model.mql.ExpressionCodecProvider@47829d6d, com.mongodb.Jep395RecordCodecProvider@2f677247]}, loggerSettings=LoggerSettings{maxDocumentLength=1000}, clusterSettings={hosts=[127.0.0.1:27017], srvHost=cluster0.hsu42px.mongodb.net, srvServiceName=mongodb, mode=MULTIPLE, requiredClusterType=REPLICA_SET, requiredReplicaSetName='atlas-gtkcmz-shard-0', serverSelector='null', clusterListeners='[]', serverSelectionTimeout='30000 ms', localThreshold='30000 ms'}, socketSettings=SocketSettings{connectTimeoutMS=10000, readTimeoutMS=0, receiveBufferSize=0, sendBufferSize=0}, heartbeatSocketSettings=SocketSettings{connectTimeoutMS=10000, readTimeoutMS=10000, receiveBufferSize=0, sendBufferSize=0}, connectionPoolSettings=ConnectionPoolSettings{maxSize=100, minSize=0, maxWaitTimeMS=120000, maxConnectionLifeTimeMS=0, maxConnectionIdleTimeMS=0, maintenanceInitialDelayMS=0, maintenanceFrequencyMS=60000, connectionPoolListeners=[], maxConnecting=2}, serverSettings=ServerSettings{heartbeatFrequencyMS=10000, minHeartbeatFrequencyMS=500, serverListeners='[]', serverMonitorListeners='[]'}, sslSettings=SslSettings{enabled=true, invalidHostNameAllowed=false, context=null}, applicationName='null', compressorList=[], uuidRepresentation=JAVA_LEGACY, serverApi=null, autoEncryptionSettings=null, contextProvider=null}
2023-10-24 09:29:04.170 [cluster-ClusterId{value='6537d4b08fe537375a127d26', description='null'}-srv-cluster0.hsu42px.mongodb.net] INFO  org.mongodb.driver.cluster - Adding discovered server ac-tnujufr-shard-00-01.hsu42px.mongodb.net:27017 to client view of cluster
2023-10-24 09:29:04.209 [cluster-ClusterId{value='6537d4b08fe537375a127d26', description='null'}-srv-cluster0.hsu42px.mongodb.net] INFO  org.mongodb.driver.cluster - Adding discovered server ac-tnujufr-shard-00-00.hsu42px.mongodb.net:27017 to client view of cluster
2023-10-24 09:29:04.210 [cluster-ClusterId{value='6537d4b08fe537375a127d26', description='null'}-srv-cluster0.hsu42px.mongodb.net] INFO  org.mongodb.driver.cluster - Adding discovered server ac-tnujufr-shard-00-02.hsu42px.mongodb.net:27017 to client view of cluster
2023-10-24 09:29:04.633 [main] WARN  o.s.b.w.s.c.AnnotationConfigServletWebServerApplicationContext - Exception encountered during context initialization - cancelling refresh attempt: org.springframework.beans.factory.UnsatisfiedDependencyException: Error creating bean with name 'userController' defined in file [C:\Users\Dane Jackson\Documents\Projects\educen\target\classes\com\jackson\educen\controllers\UserController.class]: Unsatisfied dependency expressed through constructor parameter 1: No qualifying bean of type 'com.jackson.educen.services.ILogger' available: expected at least 1 bean which qualifies as autowire candidate. Dependency annotations: {}
2023-10-24 09:29:04.641 [main] INFO  o.a.catalina.core.StandardService - Stopping service [Tomcat]
2023-10-24 09:29:04.661 [main] INFO  o.s.b.a.l.ConditionEvaluationReportLogger - 

Error starting ApplicationContext. To display the condition evaluation report re-run your application with 'debug' enabled.
2023-10-24 09:29:04.705 [main] ERROR o.s.b.d.LoggingFailureAnalysisReporter - 

***************************
APPLICATION FAILED TO START
***************************

Description:

Parameter 1 of constructor in com.jackson.educen.controllers.UserController required a bean of type 'com.jackson.educen.services.ILogger' that could not be found.


Action:

Consider defining a bean of type 'com.jackson.educen.services.ILogger' in your configuration.

2023-10-24 09:29:22.396 [main] INFO  c.jackson.educen.EduCenApplication - Starting EduCenApplication using Java 21.0.1 with PID 17776 (C:\Users\Dane Jackson\Documents\Projects\educen\target\classes started by Dane Jackson in C:\Users\Dane Jackson\Documents\Projects\educen)
2023-10-24 09:29:22.399 [main] INFO  c.jackson.educen.EduCenApplication - No active profile set, falling back to 1 default profile: "default"
2023-10-24 09:29:22.954 [main] INFO  o.s.d.r.c.RepositoryConfigurationDelegate - Bootstrapping Spring Data MongoDB repositories in DEFAULT mode.
2023-10-24 09:29:23.009 [main] INFO  o.s.d.r.c.RepositoryConfigurationDelegate - Finished Spring Data repository scanning in 49 ms. Found 2 MongoDB repository interfaces.
2023-10-24 09:29:23.775 [main] INFO  o.s.b.w.e.tomcat.TomcatWebServer - Tomcat initialized with port(s): 8080 (http)
2023-10-24 09:29:23.784 [main] INFO  o.a.coyote.http11.Http11NioProtocol - Initializing ProtocolHandler ["http-nio-8080"]
2023-10-24 09:29:23.787 [main] INFO  o.a.catalina.core.StandardService - Starting service [Tomcat]
2023-10-24 09:29:23.787 [main] INFO  o.a.catalina.core.StandardEngine - Starting Servlet engine: [Apache Tomcat/10.1.15]
2023-10-24 09:29:23.902 [main] INFO  o.a.c.c.C.[Tomcat].[localhost].[/] - Initializing Spring embedded WebApplicationContext
2023-10-24 09:29:23.904 [main] INFO  o.s.b.w.s.c.ServletWebServerApplicationContext - Root WebApplicationContext: initialization completed in 1433 ms
2023-10-24 09:29:24.204 [main] INFO  org.mongodb.driver.client - MongoClient with metadata {"driver": {"name": "mongo-java-driver|sync|spring-boot", "version": "4.9.1"}, "os": {"type": "Windows", "name": "Windows 10", "architecture": "amd64", "version": "10.0"}, "platform": "Java/Oracle Corporation/21.0.1+12-29"} created with settings MongoClientSettings{readPreference=primary, writeConcern=WriteConcern{w=majority, wTimeout=null ms, journal=null}, retryWrites=true, retryReads=true, readConcern=ReadConcern{level=null}, credential=MongoCredential{mechanism=null, userName='danejacksond', source='admin', password=<hidden>, mechanismProperties=<hidden>}, streamFactoryFactory=null, commandListeners=[], codecRegistry=ProvidersCodecRegistry{codecProviders=[ValueCodecProvider{}, BsonValueCodecProvider{}, DBRefCodecProvider{}, DBObjectCodecProvider{}, DocumentCodecProvider{}, CollectionCodecProvider{}, IterableCodecProvider{}, MapCodecProvider{}, GeoJsonCodecProvider{}, GridFSFileCodecProvider{}, Jsr310CodecProvider{}, JsonObjectCodecProvider{}, BsonCodecProvider{}, EnumCodecProvider{}, com.mongodb.client.model.mql.ExpressionCodecProvider@4cad79bc, com.mongodb.Jep395RecordCodecProvider@2c63762b]}, loggerSettings=LoggerSettings{maxDocumentLength=1000}, clusterSettings={hosts=[127.0.0.1:27017], srvHost=cluster0.hsu42px.mongodb.net, srvServiceName=mongodb, mode=MULTIPLE, requiredClusterType=REPLICA_SET, requiredReplicaSetName='atlas-gtkcmz-shard-0', serverSelector='null', clusterListeners='[]', serverSelectionTimeout='30000 ms', localThreshold='30000 ms'}, socketSettings=SocketSettings{connectTimeoutMS=10000, readTimeoutMS=0, receiveBufferSize=0, sendBufferSize=0}, heartbeatSocketSettings=SocketSettings{connectTimeoutMS=10000, readTimeoutMS=10000, receiveBufferSize=0, sendBufferSize=0}, connectionPoolSettings=ConnectionPoolSettings{maxSize=100, minSize=0, maxWaitTimeMS=120000, maxConnectionLifeTimeMS=0, maxConnectionIdleTimeMS=0, maintenanceInitialDelayMS=0, maintenanceFrequencyMS=60000, connectionPoolListeners=[], maxConnecting=2}, serverSettings=ServerSettings{heartbeatFrequencyMS=10000, minHeartbeatFrequencyMS=500, serverListeners='[]', serverMonitorListeners='[]'}, sslSettings=SslSettings{enabled=true, invalidHostNameAllowed=false, context=null}, applicationName='null', compressorList=[], uuidRepresentation=JAVA_LEGACY, serverApi=null, autoEncryptionSettings=null, contextProvider=null}
2023-10-24 09:29:24.221 [cluster-ClusterId{value='6537d4c49545d659f49120ef', description='null'}-srv-cluster0.hsu42px.mongodb.net] INFO  org.mongodb.driver.cluster - Adding discovered server ac-tnujufr-shard-00-01.hsu42px.mongodb.net:27017 to client view of cluster
2023-10-24 09:29:24.258 [cluster-ClusterId{value='6537d4c49545d659f49120ef', description='null'}-srv-cluster0.hsu42px.mongodb.net] INFO  org.mongodb.driver.cluster - Adding discovered server ac-tnujufr-shard-00-00.hsu42px.mongodb.net:27017 to client view of cluster
2023-10-24 09:29:24.259 [cluster-ClusterId{value='6537d4c49545d659f49120ef', description='null'}-srv-cluster0.hsu42px.mongodb.net] INFO  org.mongodb.driver.cluster - Adding discovered server ac-tnujufr-shard-00-02.hsu42px.mongodb.net:27017 to client view of cluster
2023-10-24 09:29:24.652 [main] WARN  o.s.b.w.s.c.AnnotationConfigServletWebServerApplicationContext - Exception encountered during context initialization - cancelling refresh attempt: org.springframework.beans.factory.UnsatisfiedDependencyException: Error creating bean with name 'userController' defined in file [C:\Users\Dane Jackson\Documents\Projects\educen\target\classes\com\jackson\educen\controllers\UserController.class]: Unsatisfied dependency expressed through constructor parameter 1: Error creating bean with name 'loggerService' defined in file [C:\Users\Dane Jackson\Documents\Projects\educen\target\classes\com\jackson\educen\services\impl\LoggerService.class]: Unsatisfied dependency expressed through constructor parameter 0: No qualifying bean of type 'org.slf4j.Logger' available: expected at least 1 bean which qualifies as autowire candidate. Dependency annotations: {}
2023-10-24 09:29:24.657 [main] INFO  o.a.catalina.core.StandardService - Stopping service [Tomcat]
2023-10-24 09:29:24.674 [main] INFO  o.s.b.a.l.ConditionEvaluationReportLogger - 

Error starting ApplicationContext. To display the condition evaluation report re-run your application with 'debug' enabled.
2023-10-24 09:29:24.710 [main] ERROR o.s.b.d.LoggingFailureAnalysisReporter - 

***************************
APPLICATION FAILED TO START
***************************

Description:

Parameter 0 of constructor in com.jackson.educen.services.impl.LoggerService required a bean of type 'org.slf4j.Logger' that could not be found.


Action:

Consider defining a bean of type 'org.slf4j.Logger' in your configuration.

2023-10-24 09:32:35.223 [main] INFO  c.jackson.educen.EduCenApplication - Starting EduCenApplication using Java 21.0.1 with PID 17856 (C:\Users\Dane Jackson\Documents\Projects\educen\target\classes started by Dane Jackson in C:\Users\Dane Jackson\Documents\Projects\educen)
2023-10-24 09:32:35.225 [main] INFO  c.jackson.educen.EduCenApplication - No active profile set, falling back to 1 default profile: "default"
2023-10-24 09:32:35.810 [main] INFO  o.s.d.r.c.RepositoryConfigurationDelegate - Bootstrapping Spring Data MongoDB repositories in DEFAULT mode.
2023-10-24 09:32:35.872 [main] INFO  o.s.d.r.c.RepositoryConfigurationDelegate - Finished Spring Data repository scanning in 56 ms. Found 2 MongoDB repository interfaces.
2023-10-24 09:32:36.682 [main] INFO  o.s.b.w.e.tomcat.TomcatWebServer - Tomcat initialized with port(s): 8080 (http)
2023-10-24 09:32:36.696 [main] INFO  o.a.coyote.http11.Http11NioProtocol - Initializing ProtocolHandler ["http-nio-8080"]
2023-10-24 09:32:36.700 [main] INFO  o.a.catalina.core.StandardService - Starting service [Tomcat]
2023-10-24 09:32:36.701 [main] INFO  o.a.catalina.core.StandardEngine - Starting Servlet engine: [Apache Tomcat/10.1.15]
2023-10-24 09:32:36.826 [main] INFO  o.a.c.c.C.[Tomcat].[localhost].[/] - Initializing Spring embedded WebApplicationContext
2023-10-24 09:32:36.829 [main] INFO  o.s.b.w.s.c.ServletWebServerApplicationContext - Root WebApplicationContext: initialization completed in 1531 ms
2023-10-24 09:32:37.166 [main] INFO  org.mongodb.driver.client - MongoClient with metadata {"driver": {"name": "mongo-java-driver|sync|spring-boot", "version": "4.9.1"}, "os": {"type": "Windows", "name": "Windows 10", "architecture": "amd64", "version": "10.0"}, "platform": "Java/Oracle Corporation/21.0.1+12-29"} created with settings MongoClientSettings{readPreference=primary, writeConcern=WriteConcern{w=majority, wTimeout=null ms, journal=null}, retryWrites=true, retryReads=true, readConcern=ReadConcern{level=null}, credential=MongoCredential{mechanism=null, userName='danejacksond', source='admin', password=<hidden>, mechanismProperties=<hidden>}, streamFactoryFactory=null, commandListeners=[], codecRegistry=ProvidersCodecRegistry{codecProviders=[ValueCodecProvider{}, BsonValueCodecProvider{}, DBRefCodecProvider{}, DBObjectCodecProvider{}, DocumentCodecProvider{}, CollectionCodecProvider{}, IterableCodecProvider{}, MapCodecProvider{}, GeoJsonCodecProvider{}, GridFSFileCodecProvider{}, Jsr310CodecProvider{}, JsonObjectCodecProvider{}, BsonCodecProvider{}, EnumCodecProvider{}, com.mongodb.client.model.mql.ExpressionCodecProvider@7cfac39f, com.mongodb.Jep395RecordCodecProvider@158ae284]}, loggerSettings=LoggerSettings{maxDocumentLength=1000}, clusterSettings={hosts=[127.0.0.1:27017], srvHost=cluster0.hsu42px.mongodb.net, srvServiceName=mongodb, mode=MULTIPLE, requiredClusterType=REPLICA_SET, requiredReplicaSetName='atlas-gtkcmz-shard-0', serverSelector='null', clusterListeners='[]', serverSelectionTimeout='30000 ms', localThreshold='30000 ms'}, socketSettings=SocketSettings{connectTimeoutMS=10000, readTimeoutMS=0, receiveBufferSize=0, sendBufferSize=0}, heartbeatSocketSettings=SocketSettings{connectTimeoutMS=10000, readTimeoutMS=10000, receiveBufferSize=0, sendBufferSize=0}, connectionPoolSettings=ConnectionPoolSettings{maxSize=100, minSize=0, maxWaitTimeMS=120000, maxConnectionLifeTimeMS=0, maxConnectionIdleTimeMS=0, maintenanceInitialDelayMS=0, maintenanceFrequencyMS=60000, connectionPoolListeners=[], maxConnecting=2}, serverSettings=ServerSettings{heartbeatFrequencyMS=10000, minHeartbeatFrequencyMS=500, serverListeners='[]', serverMonitorListeners='[]'}, sslSettings=SslSettings{enabled=true, invalidHostNameAllowed=false, context=null}, applicationName='null', compressorList=[], uuidRepresentation=JAVA_LEGACY, serverApi=null, autoEncryptionSettings=null, contextProvider=null}
2023-10-24 09:32:37.224 [cluster-ClusterId{value='6537d5855034667bed012bd0', description='null'}-srv-cluster0.hsu42px.mongodb.net] INFO  org.mongodb.driver.cluster - Adding discovered server ac-tnujufr-shard-00-01.hsu42px.mongodb.net:27017 to client view of cluster
2023-10-24 09:32:37.257 [cluster-ClusterId{value='6537d5855034667bed012bd0', description='null'}-srv-cluster0.hsu42px.mongodb.net] INFO  org.mongodb.driver.cluster - Adding discovered server ac-tnujufr-shard-00-00.hsu42px.mongodb.net:27017 to client view of cluster
2023-10-24 09:32:37.258 [cluster-ClusterId{value='6537d5855034667bed012bd0', description='null'}-srv-cluster0.hsu42px.mongodb.net] INFO  org.mongodb.driver.cluster - Adding discovered server ac-tnujufr-shard-00-02.hsu42px.mongodb.net:27017 to client view of cluster
2023-10-24 09:32:37.566 [main] WARN  o.s.b.w.s.c.AnnotationConfigServletWebServerApplicationContext - Exception encountered during context initialization - cancelling refresh attempt: org.springframework.beans.factory.UnsatisfiedDependencyException: Error creating bean with name 'userController' defined in file [C:\Users\Dane Jackson\Documents\Projects\educen\target\classes\com\jackson\educen\controllers\UserController.class]: Unsatisfied dependency expressed through constructor parameter 1: Error creating bean with name 'loggerService' defined in file [C:\Users\Dane Jackson\Documents\Projects\educen\target\classes\com\jackson\educen\services\impl\LoggerService.class]: Unsatisfied dependency expressed through constructor parameter 0: No qualifying bean of type 'org.slf4j.Logger' available: expected at least 1 bean which qualifies as autowire candidate. Dependency annotations: {}
2023-10-24 09:32:37.571 [main] INFO  o.a.catalina.core.StandardService - Stopping service [Tomcat]
2023-10-24 09:32:37.593 [main] INFO  o.s.b.a.l.ConditionEvaluationReportLogger - 

Error starting ApplicationContext. To display the condition evaluation report re-run your application with 'debug' enabled.
2023-10-24 09:32:37.647 [main] ERROR o.s.b.d.LoggingFailureAnalysisReporter - 

***************************
APPLICATION FAILED TO START
***************************

Description:

Parameter 0 of constructor in com.jackson.educen.services.impl.LoggerService required a bean of type 'org.slf4j.Logger' that could not be found.


Action:

Consider defining a bean of type 'org.slf4j.Logger' in your configuration.

2023-10-24 09:33:51.665 [main] INFO  c.jackson.educen.EduCenApplication - Starting EduCenApplication using Java 21.0.1 with PID 12436 (C:\Users\Dane Jackson\Documents\Projects\educen\target\classes started by Dane Jackson in C:\Users\Dane Jackson\Documents\Projects\educen)
2023-10-24 09:33:51.668 [main] INFO  c.jackson.educen.EduCenApplication - No active profile set, falling back to 1 default profile: "default"
2023-10-24 09:33:52.248 [main] INFO  o.s.d.r.c.RepositoryConfigurationDelegate - Bootstrapping Spring Data MongoDB repositories in DEFAULT mode.
2023-10-24 09:33:52.327 [main] INFO  o.s.d.r.c.RepositoryConfigurationDelegate - Finished Spring Data repository scanning in 72 ms. Found 2 MongoDB repository interfaces.
2023-10-24 09:33:53.192 [main] INFO  o.s.b.w.e.tomcat.TomcatWebServer - Tomcat initialized with port(s): 8080 (http)
2023-10-24 09:33:53.202 [main] INFO  o.a.coyote.http11.Http11NioProtocol - Initializing ProtocolHandler ["http-nio-8080"]
2023-10-24 09:33:53.204 [main] INFO  o.a.catalina.core.StandardService - Starting service [Tomcat]
2023-10-24 09:33:53.204 [main] INFO  o.a.catalina.core.StandardEngine - Starting Servlet engine: [Apache Tomcat/10.1.15]
2023-10-24 09:33:53.310 [main] INFO  o.a.c.c.C.[Tomcat].[localhost].[/] - Initializing Spring embedded WebApplicationContext
2023-10-24 09:33:53.313 [main] INFO  o.s.b.w.s.c.ServletWebServerApplicationContext - Root WebApplicationContext: initialization completed in 1580 ms
2023-10-24 09:33:53.638 [main] INFO  org.mongodb.driver.client - MongoClient with metadata {"driver": {"name": "mongo-java-driver|sync|spring-boot", "version": "4.9.1"}, "os": {"type": "Windows", "name": "Windows 10", "architecture": "amd64", "version": "10.0"}, "platform": "Java/Oracle Corporation/21.0.1+12-29"} created with settings MongoClientSettings{readPreference=primary, writeConcern=WriteConcern{w=majority, wTimeout=null ms, journal=null}, retryWrites=true, retryReads=true, readConcern=ReadConcern{level=null}, credential=MongoCredential{mechanism=null, userName='danejacksond', source='admin', password=<hidden>, mechanismProperties=<hidden>}, streamFactoryFactory=null, commandListeners=[], codecRegistry=ProvidersCodecRegistry{codecProviders=[ValueCodecProvider{}, BsonValueCodecProvider{}, DBRefCodecProvider{}, DBObjectCodecProvider{}, DocumentCodecProvider{}, CollectionCodecProvider{}, IterableCodecProvider{}, MapCodecProvider{}, GeoJsonCodecProvider{}, GridFSFileCodecProvider{}, Jsr310CodecProvider{}, JsonObjectCodecProvider{}, BsonCodecProvider{}, EnumCodecProvider{}, com.mongodb.client.model.mql.ExpressionCodecProvider@158ae284, com.mongodb.Jep395RecordCodecProvider@50eb4a2c]}, loggerSettings=LoggerSettings{maxDocumentLength=1000}, clusterSettings={hosts=[127.0.0.1:27017], srvHost=cluster0.hsu42px.mongodb.net, srvServiceName=mongodb, mode=MULTIPLE, requiredClusterType=REPLICA_SET, requiredReplicaSetName='atlas-gtkcmz-shard-0', serverSelector='null', clusterListeners='[]', serverSelectionTimeout='30000 ms', localThreshold='30000 ms'}, socketSettings=SocketSettings{connectTimeoutMS=10000, readTimeoutMS=0, receiveBufferSize=0, sendBufferSize=0}, heartbeatSocketSettings=SocketSettings{connectTimeoutMS=10000, readTimeoutMS=10000, receiveBufferSize=0, sendBufferSize=0}, connectionPoolSettings=ConnectionPoolSettings{maxSize=100, minSize=0, maxWaitTimeMS=120000, maxConnectionLifeTimeMS=0, maxConnectionIdleTimeMS=0, maintenanceInitialDelayMS=0, maintenanceFrequencyMS=60000, connectionPoolListeners=[], maxConnecting=2}, serverSettings=ServerSettings{heartbeatFrequencyMS=10000, minHeartbeatFrequencyMS=500, serverListeners='[]', serverMonitorListeners='[]'}, sslSettings=SslSettings{enabled=true, invalidHostNameAllowed=false, context=null}, applicationName='null', compressorList=[], uuidRepresentation=JAVA_LEGACY, serverApi=null, autoEncryptionSettings=null, contextProvider=null}
2023-10-24 09:33:53.717 [cluster-ClusterId{value='6537d5d1f6278711f9565c8f', description='null'}-srv-cluster0.hsu42px.mongodb.net] INFO  org.mongodb.driver.cluster - Adding discovered server ac-tnujufr-shard-00-01.hsu42px.mongodb.net:27017 to client view of cluster
2023-10-24 09:33:53.745 [cluster-ClusterId{value='6537d5d1f6278711f9565c8f', description='null'}-srv-cluster0.hsu42px.mongodb.net] INFO  org.mongodb.driver.cluster - Adding discovered server ac-tnujufr-shard-00-00.hsu42px.mongodb.net:27017 to client view of cluster
2023-10-24 09:33:53.746 [cluster-ClusterId{value='6537d5d1f6278711f9565c8f', description='null'}-srv-cluster0.hsu42px.mongodb.net] INFO  org.mongodb.driver.cluster - Adding discovered server ac-tnujufr-shard-00-02.hsu42px.mongodb.net:27017 to client view of cluster
2023-10-24 09:33:54.061 [main] WARN  o.s.b.w.s.c.AnnotationConfigServletWebServerApplicationContext - Exception encountered during context initialization - cancelling refresh attempt: org.springframework.beans.factory.UnsatisfiedDependencyException: Error creating bean with name 'userController' defined in file [C:\Users\Dane Jackson\Documents\Projects\educen\target\classes\com\jackson\educen\controllers\UserController.class]: Unsatisfied dependency expressed through constructor parameter 1: Error creating bean with name 'loggerService' defined in file [C:\Users\Dane Jackson\Documents\Projects\educen\target\classes\com\jackson\educen\services\impl\LoggerService.class]: Unsatisfied dependency expressed through constructor parameter 0: No qualifying bean of type 'org.slf4j.Logger' available: expected at least 1 bean which qualifies as autowire candidate. Dependency annotations: {}
2023-10-24 09:33:54.065 [main] INFO  o.a.catalina.core.StandardService - Stopping service [Tomcat]
2023-10-24 09:33:54.078 [main] INFO  o.s.b.a.l.ConditionEvaluationReportLogger - 

Error starting ApplicationContext. To display the condition evaluation report re-run your application with 'debug' enabled.
2023-10-24 09:33:54.104 [main] ERROR o.s.b.d.LoggingFailureAnalysisReporter - 

***************************
APPLICATION FAILED TO START
***************************

Description:

Parameter 0 of constructor in com.jackson.educen.services.impl.LoggerService required a bean of type 'org.slf4j.Logger' that could not be found.


Action:

Consider defining a bean of type 'org.slf4j.Logger' in your configuration.

2023-10-24 09:43:17.085 [main] INFO  c.jackson.educen.EduCenApplication - Starting EduCenApplication using Java 21.0.1 with PID 17204 (C:\Users\Dane Jackson\Documents\Projects\educen\target\classes started by Dane Jackson in C:\Users\Dane Jackson\Documents\Projects\educen)
2023-10-24 09:43:17.087 [main] INFO  c.jackson.educen.EduCenApplication - No active profile set, falling back to 1 default profile: "default"
2023-10-24 09:43:17.661 [main] INFO  o.s.d.r.c.RepositoryConfigurationDelegate - Bootstrapping Spring Data MongoDB repositories in DEFAULT mode.
2023-10-24 09:43:17.725 [main] INFO  o.s.d.r.c.RepositoryConfigurationDelegate - Finished Spring Data repository scanning in 58 ms. Found 2 MongoDB repository interfaces.
2023-10-24 09:43:18.517 [main] INFO  o.s.b.w.e.tomcat.TomcatWebServer - Tomcat initialized with port(s): 8080 (http)
2023-10-24 09:43:18.529 [main] INFO  o.a.coyote.http11.Http11NioProtocol - Initializing ProtocolHandler ["http-nio-8080"]
2023-10-24 09:43:18.533 [main] INFO  o.a.catalina.core.StandardService - Starting service [Tomcat]
2023-10-24 09:43:18.533 [main] INFO  o.a.catalina.core.StandardEngine - Starting Servlet engine: [Apache Tomcat/10.1.15]
2023-10-24 09:43:18.640 [main] INFO  o.a.c.c.C.[Tomcat].[localhost].[/] - Initializing Spring embedded WebApplicationContext
2023-10-24 09:43:18.641 [main] INFO  o.s.b.w.s.c.ServletWebServerApplicationContext - Root WebApplicationContext: initialization completed in 1486 ms
2023-10-24 09:43:18.902 [main] INFO  org.mongodb.driver.client - MongoClient with metadata {"driver": {"name": "mongo-java-driver|sync|spring-boot", "version": "4.9.1"}, "os": {"type": "Windows", "name": "Windows 10", "architecture": "amd64", "version": "10.0"}, "platform": "Java/Oracle Corporation/21.0.1+12-29"} created with settings MongoClientSettings{readPreference=primary, writeConcern=WriteConcern{w=majority, wTimeout=null ms, journal=null}, retryWrites=true, retryReads=true, readConcern=ReadConcern{level=null}, credential=MongoCredential{mechanism=null, userName='danejacksond', source='admin', password=<hidden>, mechanismProperties=<hidden>}, streamFactoryFactory=null, commandListeners=[], codecRegistry=ProvidersCodecRegistry{codecProviders=[ValueCodecProvider{}, BsonValueCodecProvider{}, DBRefCodecProvider{}, DBObjectCodecProvider{}, DocumentCodecProvider{}, CollectionCodecProvider{}, IterableCodecProvider{}, MapCodecProvider{}, GeoJsonCodecProvider{}, GridFSFileCodecProvider{}, Jsr310CodecProvider{}, JsonObjectCodecProvider{}, BsonCodecProvider{}, EnumCodecProvider{}, com.mongodb.client.model.mql.ExpressionCodecProvider@4cad79bc, com.mongodb.Jep395RecordCodecProvider@2c63762b]}, loggerSettings=LoggerSettings{maxDocumentLength=1000}, clusterSettings={hosts=[127.0.0.1:27017], srvHost=cluster0.hsu42px.mongodb.net, srvServiceName=mongodb, mode=MULTIPLE, requiredClusterType=REPLICA_SET, requiredReplicaSetName='atlas-gtkcmz-shard-0', serverSelector='null', clusterListeners='[]', serverSelectionTimeout='30000 ms', localThreshold='30000 ms'}, socketSettings=SocketSettings{connectTimeoutMS=10000, readTimeoutMS=0, receiveBufferSize=0, sendBufferSize=0}, heartbeatSocketSettings=SocketSettings{connectTimeoutMS=10000, readTimeoutMS=10000, receiveBufferSize=0, sendBufferSize=0}, connectionPoolSettings=ConnectionPoolSettings{maxSize=100, minSize=0, maxWaitTimeMS=120000, maxConnectionLifeTimeMS=0, maxConnectionIdleTimeMS=0, maintenanceInitialDelayMS=0, maintenanceFrequencyMS=60000, connectionPoolListeners=[], maxConnecting=2}, serverSettings=ServerSettings{heartbeatFrequencyMS=10000, minHeartbeatFrequencyMS=500, serverListeners='[]', serverMonitorListeners='[]'}, sslSettings=SslSettings{enabled=true, invalidHostNameAllowed=false, context=null}, applicationName='null', compressorList=[], uuidRepresentation=JAVA_LEGACY, serverApi=null, autoEncryptionSettings=null, contextProvider=null}
2023-10-24 09:43:18.975 [cluster-ClusterId{value='6537d80616444637e22804be', description='null'}-srv-cluster0.hsu42px.mongodb.net] INFO  org.mongodb.driver.cluster - Adding discovered server ac-tnujufr-shard-00-01.hsu42px.mongodb.net:27017 to client view of cluster
2023-10-24 09:43:19.001 [cluster-ClusterId{value='6537d80616444637e22804be', description='null'}-srv-cluster0.hsu42px.mongodb.net] INFO  org.mongodb.driver.cluster - Adding discovered server ac-tnujufr-shard-00-00.hsu42px.mongodb.net:27017 to client view of cluster
2023-10-24 09:43:19.003 [cluster-ClusterId{value='6537d80616444637e22804be', description='null'}-srv-cluster0.hsu42px.mongodb.net] INFO  org.mongodb.driver.cluster - Adding discovered server ac-tnujufr-shard-00-02.hsu42px.mongodb.net:27017 to client view of cluster
2023-10-24 09:43:19.781 [main] INFO  o.a.coyote.http11.Http11NioProtocol - Starting ProtocolHandler ["http-nio-8080"]
2023-10-24 09:43:19.794 [main] INFO  o.s.b.w.e.tomcat.TomcatWebServer - Tomcat started on port(s): 8080 (http) with context path ''
2023-10-24 09:43:19.802 [main] INFO  c.jackson.educen.EduCenApplication - Started EduCenApplication in 3.368 seconds (process running for 3.845)
2023-10-24 09:43:19.829 [cluster-ClusterId{value='6537d80616444637e22804be', description='null'}-ac-tnujufr-shard-00-01.hsu42px.mongodb.net:27017] INFO  org.mongodb.driver.cluster - Monitor thread successfully connected to server with description ServerDescription{address=ac-tnujufr-shard-00-01.hsu42px.mongodb.net:27017, type=REPLICA_SET_PRIMARY, state=CONNECTED, ok=true, minWireVersion=0, maxWireVersion=17, maxDocumentSize=16777216, logicalSessionTimeoutMinutes=30, roundTripTimeNanos=472814400, setName='atlas-gtkcmz-shard-0', canonicalAddress=ac-tnujufr-shard-00-01.hsu42px.mongodb.net:27017, hosts=[ac-tnujufr-shard-00-02.hsu42px.mongodb.net:27017, ac-tnujufr-shard-00-00.hsu42px.mongodb.net:27017, ac-tnujufr-shard-00-01.hsu42px.mongodb.net:27017], passives=[], arbiters=[], primary='ac-tnujufr-shard-00-01.hsu42px.mongodb.net:27017', tagSet=TagSet{[Tag{name='nodeType', value='ELECTABLE'}, Tag{name='provider', value='AWS'}, Tag{name='region', value='US_EAST_1'}, Tag{name='workloadType', value='OPERATIONAL'}]}, electionId=7fffffff0000000000000006, setVersion=1, topologyVersion=TopologyVersion{processId=65315f4a0ea4469a9a8efd6a, counter=7}, lastWriteDate=Tue Oct 24 09:43:19 COT 2023, lastUpdateTimeNanos=59616265958500}
2023-10-24 09:43:19.829 [cluster-ClusterId{value='6537d80616444637e22804be', description='null'}-ac-tnujufr-shard-00-00.hsu42px.mongodb.net:27017] INFO  org.mongodb.driver.cluster - Monitor thread successfully connected to server with description ServerDescription{address=ac-tnujufr-shard-00-00.hsu42px.mongodb.net:27017, type=REPLICA_SET_SECONDARY, state=CONNECTED, ok=true, minWireVersion=0, maxWireVersion=17, maxDocumentSize=16777216, logicalSessionTimeoutMinutes=30, roundTripTimeNanos=478117600, setName='atlas-gtkcmz-shard-0', canonicalAddress=ac-tnujufr-shard-00-00.hsu42px.mongodb.net:27017, hosts=[ac-tnujufr-shard-00-02.hsu42px.mongodb.net:27017, ac-tnujufr-shard-00-00.hsu42px.mongodb.net:27017, ac-tnujufr-shard-00-01.hsu42px.mongodb.net:27017], passives=[], arbiters=[], primary='ac-tnujufr-shard-00-01.hsu42px.mongodb.net:27017', tagSet=TagSet{[Tag{name='nodeType', value='ELECTABLE'}, Tag{name='provider', value='AWS'}, Tag{name='region', value='US_EAST_1'}, Tag{name='workloadType', value='OPERATIONAL'}]}, electionId=null, setVersion=1, topologyVersion=TopologyVersion{processId=6531604ddb7779060aa97c10, counter=4}, lastWriteDate=Tue Oct 24 09:43:19 COT 2023, lastUpdateTimeNanos=59616265958500}
2023-10-24 09:43:19.829 [cluster-ClusterId{value='6537d80616444637e22804be', description='null'}-ac-tnujufr-shard-00-02.hsu42px.mongodb.net:27017] INFO  org.mongodb.driver.cluster - Monitor thread successfully connected to server with description ServerDescription{address=ac-tnujufr-shard-00-02.hsu42px.mongodb.net:27017, type=REPLICA_SET_SECONDARY, state=CONNECTED, ok=true, minWireVersion=0, maxWireVersion=17, maxDocumentSize=16777216, logicalSessionTimeoutMinutes=30, roundTripTimeNanos=472095000, setName='atlas-gtkcmz-shard-0', canonicalAddress=ac-tnujufr-shard-00-02.hsu42px.mongodb.net:27017, hosts=[ac-tnujufr-shard-00-02.hsu42px.mongodb.net:27017, ac-tnujufr-shard-00-00.hsu42px.mongodb.net:27017, ac-tnujufr-shard-00-01.hsu42px.mongodb.net:27017], passives=[], arbiters=[], primary='ac-tnujufr-shard-00-01.hsu42px.mongodb.net:27017', tagSet=TagSet{[Tag{name='nodeType', value='ELECTABLE'}, Tag{name='provider', value='AWS'}, Tag{name='region', value='US_EAST_1'}, Tag{name='workloadType', value='OPERATIONAL'}]}, electionId=null, setVersion=1, topologyVersion=TopologyVersion{processId=65317c19b3161df592f66cd7, counter=4}, lastWriteDate=Tue Oct 24 09:43:19 COT 2023, lastUpdateTimeNanos=59616265958500}
2023-10-24 09:43:19.833 [cluster-ClusterId{value='6537d80616444637e22804be', description='null'}-ac-tnujufr-shard-00-01.hsu42px.mongodb.net:27017] INFO  org.mongodb.driver.cluster - Discovered replica set primary ac-tnujufr-shard-00-01.hsu42px.mongodb.net:27017 with max election id 7fffffff0000000000000006 and max set version 1
2023-10-24 09:43:47.729 [http-nio-8080-exec-1] INFO  o.a.c.c.C.[Tomcat].[localhost].[/] - Initializing Spring DispatcherServlet 'dispatcherServlet'
2023-10-24 09:43:47.729 [http-nio-8080-exec-1] INFO  o.s.web.servlet.DispatcherServlet - Initializing Servlet 'dispatcherServlet'
2023-10-24 09:43:47.732 [http-nio-8080-exec-1] INFO  o.s.web.servlet.DispatcherServlet - Completed initialization in 2 ms
2023-10-24 09:43:47.813 [http-nio-8080-exec-1] INFO  c.j.e.services.impl.LoggerService - Starting request to fetch user information given ID: 653153e84849d7cdc02194c9
2023-10-24 09:46:20.502 [main] INFO  c.jackson.educen.EduCenApplication - Starting EduCenApplication using Java 21.0.1 with PID 17360 (C:\Users\Dane Jackson\Documents\Projects\educen\target\classes started by Dane Jackson in C:\Users\Dane Jackson\Documents\Projects\educen)
2023-10-24 09:46:20.504 [main] INFO  c.jackson.educen.EduCenApplication - No active profile set, falling back to 1 default profile: "default"
2023-10-24 09:46:21.077 [main] INFO  o.s.d.r.c.RepositoryConfigurationDelegate - Bootstrapping Spring Data MongoDB repositories in DEFAULT mode.
2023-10-24 09:46:21.139 [main] INFO  o.s.d.r.c.RepositoryConfigurationDelegate - Finished Spring Data repository scanning in 57 ms. Found 2 MongoDB repository interfaces.
2023-10-24 09:46:21.922 [main] INFO  o.s.b.w.e.tomcat.TomcatWebServer - Tomcat initialized with port(s): 8080 (http)
2023-10-24 09:46:21.933 [main] INFO  o.a.coyote.http11.Http11NioProtocol - Initializing ProtocolHandler ["http-nio-8080"]
2023-10-24 09:46:21.936 [main] INFO  o.a.catalina.core.StandardService - Starting service [Tomcat]
2023-10-24 09:46:21.936 [main] INFO  o.a.catalina.core.StandardEngine - Starting Servlet engine: [Apache Tomcat/10.1.15]
2023-10-24 09:46:22.049 [main] INFO  o.a.c.c.C.[Tomcat].[localhost].[/] - Initializing Spring embedded WebApplicationContext
2023-10-24 09:46:22.051 [main] INFO  o.s.b.w.s.c.ServletWebServerApplicationContext - Root WebApplicationContext: initialization completed in 1480 ms
2023-10-24 09:46:22.424 [main] INFO  org.mongodb.driver.client - MongoClient with metadata {"driver": {"name": "mongo-java-driver|sync|spring-boot", "version": "4.9.1"}, "os": {"type": "Windows", "name": "Windows 10", "architecture": "amd64", "version": "10.0"}, "platform": "Java/Oracle Corporation/21.0.1+12-29"} created with settings MongoClientSettings{readPreference=primary, writeConcern=WriteConcern{w=majority, wTimeout=null ms, journal=null}, retryWrites=true, retryReads=true, readConcern=ReadConcern{level=null}, credential=MongoCredential{mechanism=null, userName='danejacksond', source='admin', password=<hidden>, mechanismProperties=<hidden>}, streamFactoryFactory=null, commandListeners=[], codecRegistry=ProvidersCodecRegistry{codecProviders=[ValueCodecProvider{}, BsonValueCodecProvider{}, DBRefCodecProvider{}, DBObjectCodecProvider{}, DocumentCodecProvider{}, CollectionCodecProvider{}, IterableCodecProvider{}, MapCodecProvider{}, GeoJsonCodecProvider{}, GridFSFileCodecProvider{}, Jsr310CodecProvider{}, JsonObjectCodecProvider{}, BsonCodecProvider{}, EnumCodecProvider{}, com.mongodb.client.model.mql.ExpressionCodecProvider@158ae284, com.mongodb.Jep395RecordCodecProvider@50eb4a2c]}, loggerSettings=LoggerSettings{maxDocumentLength=1000}, clusterSettings={hosts=[127.0.0.1:27017], srvHost=cluster0.hsu42px.mongodb.net, srvServiceName=mongodb, mode=MULTIPLE, requiredClusterType=REPLICA_SET, requiredReplicaSetName='atlas-gtkcmz-shard-0', serverSelector='null', clusterListeners='[]', serverSelectionTimeout='30000 ms', localThreshold='30000 ms'}, socketSettings=SocketSettings{connectTimeoutMS=10000, readTimeoutMS=0, receiveBufferSize=0, sendBufferSize=0}, heartbeatSocketSettings=SocketSettings{connectTimeoutMS=10000, readTimeoutMS=10000, receiveBufferSize=0, sendBufferSize=0}, connectionPoolSettings=ConnectionPoolSettings{maxSize=100, minSize=0, maxWaitTimeMS=120000, maxConnectionLifeTimeMS=0, maxConnectionIdleTimeMS=0, maintenanceInitialDelayMS=0, maintenanceFrequencyMS=60000, connectionPoolListeners=[], maxConnecting=2}, serverSettings=ServerSettings{heartbeatFrequencyMS=10000, minHeartbeatFrequencyMS=500, serverListeners='[]', serverMonitorListeners='[]'}, sslSettings=SslSettings{enabled=true, invalidHostNameAllowed=false, context=null}, applicationName='null', compressorList=[], uuidRepresentation=JAVA_LEGACY, serverApi=null, autoEncryptionSettings=null, contextProvider=null}
2023-10-24 09:46:22.476 [cluster-ClusterId{value='6537d8be3480ff16c2b47715', description='null'}-srv-cluster0.hsu42px.mongodb.net] INFO  org.mongodb.driver.cluster - Adding discovered server ac-tnujufr-shard-00-01.hsu42px.mongodb.net:27017 to client view of cluster
2023-10-24 09:46:22.497 [cluster-ClusterId{value='6537d8be3480ff16c2b47715', description='null'}-srv-cluster0.hsu42px.mongodb.net] INFO  org.mongodb.driver.cluster - Adding discovered server ac-tnujufr-shard-00-00.hsu42px.mongodb.net:27017 to client view of cluster
2023-10-24 09:46:22.499 [cluster-ClusterId{value='6537d8be3480ff16c2b47715', description='null'}-srv-cluster0.hsu42px.mongodb.net] INFO  org.mongodb.driver.cluster - Adding discovered server ac-tnujufr-shard-00-02.hsu42px.mongodb.net:27017 to client view of cluster
2023-10-24 09:46:23.235 [cluster-ClusterId{value='6537d8be3480ff16c2b47715', description='null'}-ac-tnujufr-shard-00-00.hsu42px.mongodb.net:27017] INFO  org.mongodb.driver.cluster - Monitor thread successfully connected to server with description ServerDescription{address=ac-tnujufr-shard-00-00.hsu42px.mongodb.net:27017, type=REPLICA_SET_SECONDARY, state=CONNECTED, ok=true, minWireVersion=0, maxWireVersion=17, maxDocumentSize=16777216, logicalSessionTimeoutMinutes=30, roundTripTimeNanos=459289600, setName='atlas-gtkcmz-shard-0', canonicalAddress=ac-tnujufr-shard-00-00.hsu42px.mongodb.net:27017, hosts=[ac-tnujufr-shard-00-02.hsu42px.mongodb.net:27017, ac-tnujufr-shard-00-00.hsu42px.mongodb.net:27017, ac-tnujufr-shard-00-01.hsu42px.mongodb.net:27017], passives=[], arbiters=[], primary='ac-tnujufr-shard-00-01.hsu42px.mongodb.net:27017', tagSet=TagSet{[Tag{name='nodeType', value='ELECTABLE'}, Tag{name='provider', value='AWS'}, Tag{name='region', value='US_EAST_1'}, Tag{name='workloadType', value='OPERATIONAL'}]}, electionId=null, setVersion=1, topologyVersion=TopologyVersion{processId=6531604ddb7779060aa97c10, counter=4}, lastWriteDate=Tue Oct 24 09:46:23 COT 2023, lastUpdateTimeNanos=59799672807300}
2023-10-24 09:46:23.235 [cluster-ClusterId{value='6537d8be3480ff16c2b47715', description='null'}-ac-tnujufr-shard-00-02.hsu42px.mongodb.net:27017] INFO  org.mongodb.driver.cluster - Monitor thread successfully connected to server with description ServerDescription{address=ac-tnujufr-shard-00-02.hsu42px.mongodb.net:27017, type=REPLICA_SET_SECONDARY, state=CONNECTED, ok=true, minWireVersion=0, maxWireVersion=17, maxDocumentSize=16777216, logicalSessionTimeoutMinutes=30, roundTripTimeNanos=448806900, setName='atlas-gtkcmz-shard-0', canonicalAddress=ac-tnujufr-shard-00-02.hsu42px.mongodb.net:27017, hosts=[ac-tnujufr-shard-00-02.hsu42px.mongodb.net:27017, ac-tnujufr-shard-00-00.hsu42px.mongodb.net:27017, ac-tnujufr-shard-00-01.hsu42px.mongodb.net:27017], passives=[], arbiters=[], primary='ac-tnujufr-shard-00-01.hsu42px.mongodb.net:27017', tagSet=TagSet{[Tag{name='nodeType', value='ELECTABLE'}, Tag{name='provider', value='AWS'}, Tag{name='region', value='US_EAST_1'}, Tag{name='workloadType', value='OPERATIONAL'}]}, electionId=null, setVersion=1, topologyVersion=TopologyVersion{processId=65317c19b3161df592f66cd7, counter=4}, lastWriteDate=Tue Oct 24 09:46:23 COT 2023, lastUpdateTimeNanos=59799672807000}
2023-10-24 09:46:23.235 [cluster-ClusterId{value='6537d8be3480ff16c2b47715', description='null'}-ac-tnujufr-shard-00-01.hsu42px.mongodb.net:27017] INFO  org.mongodb.driver.cluster - Monitor thread successfully connected to server with description ServerDescription{address=ac-tnujufr-shard-00-01.hsu42px.mongodb.net:27017, type=REPLICA_SET_PRIMARY, state=CONNECTED, ok=true, minWireVersion=0, maxWireVersion=17, maxDocumentSize=16777216, logicalSessionTimeoutMinutes=30, roundTripTimeNanos=465001700, setName='atlas-gtkcmz-shard-0', canonicalAddress=ac-tnujufr-shard-00-01.hsu42px.mongodb.net:27017, hosts=[ac-tnujufr-shard-00-02.hsu42px.mongodb.net:27017, ac-tnujufr-shard-00-00.hsu42px.mongodb.net:27017, ac-tnujufr-shard-00-01.hsu42px.mongodb.net:27017], passives=[], arbiters=[], primary='ac-tnujufr-shard-00-01.hsu42px.mongodb.net:27017', tagSet=TagSet{[Tag{name='nodeType', value='ELECTABLE'}, Tag{name='provider', value='AWS'}, Tag{name='region', value='US_EAST_1'}, Tag{name='workloadType', value='OPERATIONAL'}]}, electionId=7fffffff0000000000000006, setVersion=1, topologyVersion=TopologyVersion{processId=65315f4a0ea4469a9a8efd6a, counter=7}, lastWriteDate=Tue Oct 24 09:46:23 COT 2023, lastUpdateTimeNanos=59799672807100}
2023-10-24 09:46:23.239 [cluster-ClusterId{value='6537d8be3480ff16c2b47715', description='null'}-ac-tnujufr-shard-00-01.hsu42px.mongodb.net:27017] INFO  org.mongodb.driver.cluster - Discovered replica set primary ac-tnujufr-shard-00-01.hsu42px.mongodb.net:27017 with max election id 7fffffff0000000000000006 and max set version 1
2023-10-24 09:46:23.295 [main] INFO  o.a.coyote.http11.Http11NioProtocol - Starting ProtocolHandler ["http-nio-8080"]
2023-10-24 09:46:23.313 [main] INFO  o.s.b.w.e.tomcat.TomcatWebServer - Tomcat started on port(s): 8080 (http) with context path ''
2023-10-24 09:46:23.321 [main] INFO  c.jackson.educen.EduCenApplication - Started EduCenApplication in 3.468 seconds (process running for 3.892)
2023-10-24 09:46:29.118 [http-nio-8080-exec-1] INFO  o.a.c.c.C.[Tomcat].[localhost].[/] - Initializing Spring DispatcherServlet 'dispatcherServlet'
2023-10-24 09:46:29.118 [http-nio-8080-exec-1] INFO  o.s.web.servlet.DispatcherServlet - Initializing Servlet 'dispatcherServlet'
2023-10-24 09:46:29.119 [http-nio-8080-exec-1] INFO  o.s.web.servlet.DispatcherServlet - Completed initialization in 1 ms
2023-10-24 09:46:29.162 [http-nio-8080-exec-1] INFO  c.j.e.services.impl.LoggerService - Starting request to fetch user information given ID: 653153e84849d7cdc02194c9
